2026-01-30T04:46:41+01:00 REQUEST START action=login SESSION=array (
  'NumDoc' => 1134559887,
  'Nombre' => 'Admin Prueba',
  'Rol' => 1,
  'NameRol' => 'Admin',
)
2026-01-30T04:46:41+01:00 REQUEST START action=login SESSION=array (
  'NumDoc' => 1134559887,
  'Nombre' => 'Admin Prueba',
  'Rol' => 1,
  'NameRol' => 'Admin',
)
2026-01-30T04:46:42+01:00 REQUEST START action=login SESSION=array (
  'NumDoc' => 1134559887,
  'Nombre' => 'Admin Prueba',
  'Rol' => 1,
  'NameRol' => 'Admin',
)
2026-01-30T04:46:42+01:00 REQUEST START action=login SESSION=array (
  'NumDoc' => 1134559887,
  'Nombre' => 'Admin Prueba',
  'Rol' => 1,
  'NameRol' => 'Admin',
)
2026-01-30T04:46:42+01:00 REQUEST START action=login SESSION=array (
  'NumDoc' => 1134559887,
  'Nombre' => 'Admin Prueba',
  'Rol' => 1,
  'NameRol' => 'Admin',
)
2026-01-30T04:46:42+01:00 REQUEST START action=login SESSION=array (
  'NumDoc' => 1134559887,
  'Nombre' => 'Admin Prueba',
  'Rol' => 1,
  'NameRol' => 'Admin',
)
2026-01-30T04:46:42+01:00 REQUEST START action=login SESSION=array (
  'NumDoc' => 1134559887,
  'Nombre' => 'Admin Prueba',
  'Rol' => 1,
  'NameRol' => 'Admin',
)
2026-01-30T04:46:47+01:00 REQUEST START action=login SESSION=array (
  'NumDoc' => 1134559887,
  'Nombre' => 'Admin Prueba',
  'Rol' => 1,
  'NameRol' => 'Admin',
)
2026-01-30T04:46:47+01:00 LOGIN: user Rol from DB=1 cast=1 SESSION=array (
  'NumDoc' => 1134559887,
  'Nombre' => 'Admin Prueba',
  'Rol' => 1,
  'NameRol' => 'Admin',
)
2026-01-30T04:46:47+01:00 REQUEST START action=dashboard SESSION=array (
  'NumDoc' => 1134559887,
  'Nombre' => 'Admin Prueba',
  'Rol' => 1,
  'NameRol' => 'Admin',
)
2026-01-30T04:46:48+01:00 REQUEST START action=login SESSION=array (
  'NumDoc' => 1134559887,
  'Nombre' => 'Admin Prueba',
  'Rol' => 1,
  'NameRol' => 'Admin',
)
2026-01-30T04:46:57+01:00 REQUEST START action=login SESSION=array (
  'NumDoc' => 1134559887,
  'Nombre' => 'Admin Prueba',
  'Rol' => 1,
  'NameRol' => 'Admin',
)
2026-01-30T04:46:58+01:00 LOGIN: user Rol from DB=1 cast=1 SESSION=array (
  'NumDoc' => 1134559887,
  'Nombre' => 'Admin Prueba',
  'Rol' => 1,
  'NameRol' => 'Admin',
)
2026-01-30T04:46:58+01:00 REQUEST START action=dashboard SESSION=array (
  'NumDoc' => 1134559887,
  'Nombre' => 'Admin Prueba',
  'Rol' => 1,
  'NameRol' => 'Admin',
)
2026-01-30T04:46:58+01:00 REQUEST START action=login SESSION=array (
  'NumDoc' => 1134559887,
  'Nombre' => 'Admin Prueba',
  'Rol' => 1,
  'NameRol' => 'Admin',
)
2026-01-30T04:46:59+01:00 REQUEST START action=logout SESSION=array (
  'NumDoc' => 1134559887,
  'Nombre' => 'Admin Prueba',
  'Rol' => 1,
  'NameRol' => 'Admin',
)
2026-01-30T04:46:59+01:00 REQUEST START action=login SESSION=NULL
2026-01-30T04:47:00+01:00 REQUEST START action=login SESSION=NULL
2026-01-30T04:47:13+01:00 REQUEST START action=login SESSION=NULL
2026-01-30T04:47:14+01:00 LOGIN: user Rol from DB=1 cast=1 SESSION=array (
  'NumDoc' => 1134559887,
  'Nombre' => 'Admin Prueba',
  'Rol' => 1,
  'NameRol' => 'Admin',
)
2026-01-30T04:47:14+01:00 REQUEST START action=dashboard SESSION=array (
  'NumDoc' => 1134559887,
  'Nombre' => 'Admin Prueba',
  'Rol' => 1,
  'NameRol' => 'Admin',
)
2026-01-30T04:47:14+01:00 REQUEST START action=login SESSION=array (
  'NumDoc' => 1134559887,
  'Nombre' => 'Admin Prueba',
  'Rol' => 1,
  'NameRol' => 'Admin',
)
2026-01-30T04:47:34+01:00 REQUEST START action=login SESSION=array (
  'NumDoc' => 1134559887,
  'Nombre' => 'Admin Prueba',
  'Rol' => 1,
  'NameRol' => 'Admin',
)
2026-01-30T04:47:34+01:00 REQUEST START action=login SESSION=array (
  'NumDoc' => 1134559887,
  'Nombre' => 'Admin Prueba',
  'Rol' => 1,
  'NameRol' => 'Admin',
)
2026-01-30T04:47:34+01:00 REQUEST START action=login SESSION=array (
  'NumDoc' => 1134559887,
  'Nombre' => 'Admin Prueba',
  'Rol' => 1,
  'NameRol' => 'Admin',
)
2026-01-30T04:47:41+01:00 REQUEST START action= SESSION=array (
  'NumDoc' => 1134559887,
  'Nombre' => 'Admin Prueba',
  'Rol' => 1,
  'NameRol' => 'Admin',
)
2026-01-30T04:47:46+01:00 REQUEST START action=logout SESSION=array (
  'NumDoc' => 1134559887,
  'Nombre' => 'Admin Prueba',
  'Rol' => 1,
  'NameRol' => 'Admin',
)
2026-01-30T04:47:46+01:00 REQUEST START action=login SESSION=NULL
2026-01-30T04:47:48+01:00 REQUEST START action=login SESSION=NULL
2026-01-30T04:47:55+01:00 REQUEST START action=login SESSION=NULL
2026-01-30T04:47:55+01:00 LOGIN: user Rol from DB=1 cast=1 SESSION=array (
  'NumDoc' => 1134559887,
  'Nombre' => 'Admin Prueba',
  'Rol' => 1,
  'NameRol' => 'Admin',
)
2026-01-30T04:47:55+01:00 REQUEST START action=dashboard SESSION=array (
  'NumDoc' => 1134559887,
  'Nombre' => 'Admin Prueba',
  'Rol' => 1,
  'NameRol' => 'Admin',
)
2026-01-30T04:47:56+01:00 REQUEST START action=login SESSION=array (
  'NumDoc' => 1134559887,
  'Nombre' => 'Admin Prueba',
  'Rol' => 1,
  'NameRol' => 'Admin',
)
2026-01-30T04:50:36+01:00 REQUEST START action=login SESSION=array (
  'NumDoc' => 1134559887,
  'Nombre' => 'Admin Prueba',
  'Rol' => 1,
  'NameRol' => 'Admin',
)
2026-01-30T04:50:36+01:00 REQUEST START action=login SESSION=array (
  'NumDoc' => 1134559887,
  'Nombre' => 'Admin Prueba',
  'Rol' => 1,
  'NameRol' => 'Admin',
)
2026-01-30T04:50:36+01:00 REQUEST START action=login SESSION=array (
  'NumDoc' => 1134559887,
  'Nombre' => 'Admin Prueba',
  'Rol' => 1,
  'NameRol' => 'Admin',
)
2026-01-30T04:50:38+01:00 REQUEST START action=logout SESSION=array (
  'NumDoc' => 1134559887,
  'Nombre' => 'Admin Prueba',
  'Rol' => 1,
  'NameRol' => 'Admin',
)
2026-01-30T04:50:38+01:00 REQUEST START action=login SESSION=NULL
2026-01-30T04:50:45+01:00 REQUEST START action=login SESSION=NULL
2026-01-30T04:50:45+01:00 LOGIN: user Rol from DB=1 cast=1 SESSION=array (
  'NumDoc' => 1134559887,
  'Nombre' => 'Admin Prueba',
  'Rol' => 1,
  'NameRol' => 'Admin',
)
2026-01-30T04:50:45+01:00 REQUEST START action=dashboard SESSION=array (
  'NumDoc' => 1134559887,
  'Nombre' => 'Admin Prueba',
  'Rol' => 1,
  'NameRol' => 'Admin',
)
2026-01-30T04:50:45+01:00 REQUEST START action=login SESSION=array (
  'NumDoc' => 1134559887,
  'Nombre' => 'Admin Prueba',
  'Rol' => 1,
  'NameRol' => 'Admin',
)
2026-01-30T04:51:36+01:00 REQUEST START action=logout SESSION=array (
  'NumDoc' => 1134559887,
  'Nombre' => 'Admin Prueba',
  'Rol' => 1,
  'NameRol' => 'Admin',
)
2026-01-30T04:51:37+01:00 REQUEST START action=login SESSION=NULL
2026-01-30T04:51:44+01:00 REQUEST START action=login SESSION=NULL
2026-01-30T04:51:45+01:00 LOGIN: user Rol from DB=2 cast=2 SESSION=array (
  'NumDoc' => 1131573886,
  'Nombre' => 'Cliente Prueba',
  'Rol' => 2,
  'NameRol' => 'Cliente',
)
2026-01-30T04:51:45+01:00 REQUEST START action=home SESSION=array (
  'NumDoc' => 1131573886,
  'Nombre' => 'Cliente Prueba',
  'Rol' => 2,
  'NameRol' => 'Cliente',
)
2026-01-30T04:51:51+01:00 REQUEST START action=logout SESSION=array (
  'NumDoc' => 1131573886,
  'Nombre' => 'Cliente Prueba',
  'Rol' => 2,
  'NameRol' => 'Cliente',
)
2026-01-30T04:51:51+01:00 REQUEST START action=login SESSION=NULL
2026-01-30T04:51:56+01:00 REQUEST START action=login SESSION=NULL
2026-01-30T04:51:57+01:00 LOGIN: user Rol from DB=1 cast=1 SESSION=array (
  'NumDoc' => 1134559887,
  'Nombre' => 'Admin Prueba',
  'Rol' => 1,
  'NameRol' => 'Admin',
)
2026-01-30T04:51:57+01:00 REQUEST START action=dashboard SESSION=array (
  'NumDoc' => 1134559887,
  'Nombre' => 'Admin Prueba',
  'Rol' => 1,
  'NameRol' => 'Admin',
)
2026-01-30T04:51:57+01:00 REQUEST START action=login SESSION=array (
  'NumDoc' => 1134559887,
  'Nombre' => 'Admin Prueba',
  'Rol' => 1,
  'NameRol' => 'Admin',
)
2026-01-30T04:53:38+01:00 REQUEST START action=login SESSION=array (
  'NumDoc' => 1134559887,
  'Nombre' => 'Admin Prueba',
  'Rol' => 1,
  'NameRol' => 'Admin',
)
2026-01-30T04:53:44+01:00 REQUEST START action=login SESSION=array (
  'NumDoc' => 1134559887,
  'Nombre' => 'Admin Prueba',
  'Rol' => 1,
  'NameRol' => 'Admin',
)
2026-01-30T04:53:44+01:00 LOGIN: user Rol from DB=1 cast=1 SESSION=array (
  'NumDoc' => 1134559887,
  'Nombre' => 'Admin Prueba',
  'Rol' => 1,
  'NameRol' => 'Admin',
)
2026-01-30T04:53:44+01:00 REQUEST START action=dashboard SESSION=array (
  'NumDoc' => 1134559887,
  'Nombre' => 'Admin Prueba',
  'Rol' => 1,
  'NameRol' => 'Admin',
)
2026-01-30T04:57:45+01:00 REQUEST START action=dashboard SESSION=array (
  'NumDoc' => 1134559887,
  'Nombre' => 'Admin Prueba',
  'Rol' => 1,
  'NameRol' => 'Admin',
)
2026-01-30T04:57:45+01:00 REQUEST START action=login SESSION=array (
  'NumDoc' => 1134559887,
  'Nombre' => 'Admin Prueba',
  'Rol' => 1,
  'NameRol' => 'Admin',
)
2026-01-30T04:57:51+01:00 REQUEST START action=login SESSION=array (
  'NumDoc' => 1134559887,
  'Nombre' => 'Admin Prueba',
  'Rol' => 1,
  'NameRol' => 'Admin',
)
2026-01-30T04:57:51+01:00 REQUEST START action=dashboard SESSION=array (
  'NumDoc' => 1134559887,
  'Nombre' => 'Admin Prueba',
  'Rol' => 1,
  'NameRol' => 'Admin',
)
2026-01-30T04:57:51+01:00 REQUEST START action=login SESSION=array (
  'NumDoc' => 1134559887,
  'Nombre' => 'Admin Prueba',
  'Rol' => 1,
  'NameRol' => 'Admin',
)
